0 info it worked if it ends with ok
1 verbose cli [ '/usr/local/Cellar/node/6.2.2/bin/node',
1 verbose cli   '/usr/local/bin/npm',
1 verbose cli   'run',
1 verbose cli   'dev-test' ]
2 info using npm@3.7.5
3 info using node@v6.2.2
4 verbose run-script [ 'predev-test', 'dev-test', 'postdev-test' ]
5 info lifecycle angular-clone@0.1.0~predev-test: angular-clone@0.1.0
6 silly lifecycle angular-clone@0.1.0~predev-test: no script for predev-test, continuing
7 info lifecycle angular-clone@0.1.0~dev-test: angular-clone@0.1.0
8 verbose lifecycle angular-clone@0.1.0~dev-test: unsafe-perm in lifecycle true
9 verbose lifecycle angular-clone@0.1.0~dev-test: PATH: /usr/local/lib/node_modules/npm/bin/node-gyp-bin:/Users/vunguyen/angular-clone/node_modules/.bin:/usr/local/Cellar/node/6.2.2/bin:/Users/vunguyen/anaconda/bin:/Users/vunguyen/.opam/system/bin:/usr/bin/maven/bin:/Users/vunguyen/anaconda/bin:/System/Library/scala-2.11.5/bin:/usr/local/bin:/usr/bin:/bin:/usr/sbin:/sbin:/opt/X11/bin:/Library/TeX/texbin
10 verbose lifecycle angular-clone@0.1.0~dev-test: CWD: /Users/vunguyen/angular-clone
11 silly lifecycle angular-clone@0.1.0~dev-test: Args: [ '-c', 'karma start' ]
12 silly lifecycle angular-clone@0.1.0~dev-test: Returned: code: 1  signal: null
13 info lifecycle angular-clone@0.1.0~dev-test: Failed to exec dev-test script
14 verbose stack Error: angular-clone@0.1.0 dev-test: `karma start`
14 verbose stack Exit status 1
14 verbose stack     at EventEmitter.<anonymous> (/usr/local/lib/node_modules/npm/lib/utils/lifecycle.js:239:16)
14 verbose stack     at emitTwo (events.js:106:13)
14 verbose stack     at EventEmitter.emit (events.js:191:7)
14 verbose stack     at ChildProcess.<anonymous> (/usr/local/lib/node_modules/npm/lib/utils/spawn.js:24:14)
14 verbose stack     at emitTwo (events.js:106:13)
14 verbose stack     at ChildProcess.emit (events.js:191:7)
14 verbose stack     at maybeClose (internal/child_process.js:852:16)
14 verbose stack     at Process.ChildProcess._handle.onexit (internal/child_process.js:215:5)
15 verbose pkgid angular-clone@0.1.0
16 verbose cwd /Users/vunguyen/angular-clone
17 error Darwin 16.5.0
18 error argv "/usr/local/Cellar/node/6.2.2/bin/node" "/usr/local/bin/npm" "run" "dev-test"
19 error node v6.2.2
20 error npm  v3.7.5
21 error code ELIFECYCLE
22 error angular-clone@0.1.0 dev-test: `karma start`
22 error Exit status 1
23 error Failed at the angular-clone@0.1.0 dev-test script 'karma start'.
23 error Make sure you have the latest version of node.js and npm installed.
23 error If you do, this is most likely a problem with the angular-clone package,
23 error not with npm itself.
23 error Tell the author that this fails on your system:
23 error     karma start
23 error You can get information on how to open an issue for this project with:
23 error     npm bugs angular-clone
23 error Or if that isn't available, you can get their info via:
23 error     npm owner ls angular-clone
23 error There is likely additional logging output above.
24 verbose exit [ 1, true ]
